The system is: Linux - 3.8.13 - armv7l
Compiling the C compiler identification source file "CMakeCCompilerId.c" succeeded.
Compiler: /usr/bin/cc 
Build flags: 
Id flags: 

The output was:
0


Compilation of the C compiler identification source "CMakeCCompilerId.c" produced "a.out"

The C compiler identification is GNU, found in "/media/Storage_1/fin_build_v2.3/build/CMakeFiles/2.8.12.1/CompilerIdC/a.out"

Compiling the CXX compiler identification source file "CMakeCXXCompilerId.cpp" succeeded.
Compiler: /usr/bin/c++ 
Build flags: 
Id flags: 

The output was:
0


Compilation of the CXX compiler identification source "CMakeCXXCompilerId.cpp" produced "a.out"

The CXX compiler identification is GNU, found in "/media/Storage_1/fin_build_v2.3/build/CMakeFiles/2.8.12.1/CompilerIdCXX/a.out"

Determining if the C compiler works passed with the following output:
Change Dir: /media/Storage_1/fin_build_v2.3/build/CMakeFiles/CMakeTmp

Run Build Command:/usr/bin/make "cmTryCompileExec1324146086/fast"
/usr/bin/make -f CMakeFiles/cmTryCompileExec1324146086.dir/build.make CMakeFiles/cmTryCompileExec1324146086.dir/build
make[1]: Entering directory `/media/Storage_1/fin_build_v2.3/build/CMakeFiles/CMakeTmp'
/usr/local/bin/cmake -E cmake_progress_report /media/Storage_1/fin_build_v2.3/build/CMakeFiles/CMakeTmp/CMakeFiles 1
Building C object CMakeFiles/cmTryCompileExec1324146086.dir/testCCompiler.c.o
/usr/bin/cc    -o CMakeFiles/cmTryCompileExec1324146086.dir/testCCompiler.c.o   -c /media/Storage_1/fin_build_v2.3/build/CMakeFiles/CMakeTmp/testCCompiler.c
Linking C executable cmTryCompileExec1324146086
/usr/local/bin/cmake -E cmake_link_script CMakeFiles/cmTryCompileExec1324146086.dir/link.txt --verbose=1
/usr/bin/cc       CMakeFiles/cmTryCompileExec1324146086.dir/testCCompiler.c.o  -o cmTryCompileExec1324146086 -rdynamic 
make[1]: Leaving directory `/media/Storage_1/fin_build_v2.3/build/CMakeFiles/CMakeTmp'


Detecting C compiler ABI info compiled with the following output:
Change Dir: /media/Storage_1/fin_build_v2.3/build/CMakeFiles/CMakeTmp

Run Build Command:/usr/bin/make "cmTryCompileExec1211576677/fast"
/usr/bin/make -f CMakeFiles/cmTryCompileExec1211576677.dir/build.make CMakeFiles/cmTryCompileExec1211576677.dir/build
make[1]: Entering directory `/media/Storage_1/fin_build_v2.3/build/CMakeFiles/CMakeTmp'
/usr/local/bin/cmake -E cmake_progress_report /media/Storage_1/fin_build_v2.3/build/CMakeFiles/CMakeTmp/CMakeFiles 1
Building C object CMakeFiles/cmTryCompileExec1211576677.dir/CMakeCCompilerABI.c.o
/usr/bin/cc    -o CMakeFiles/cmTryCompileExec1211576677.dir/CMakeCCompilerABI.c.o   -c /usr/local/share/cmake-2.8/Modules/CMakeCCompilerABI.c
Linking C executable cmTryCompileExec1211576677
/usr/local/bin/cmake -E cmake_link_script CMakeFiles/cmTryCompileExec1211576677.dir/link.txt --verbose=1
/usr/bin/cc     -v CMakeFiles/cmTryCompileExec1211576677.dir/CMakeCCompilerABI.c.o  -o cmTryCompileExec1211576677 -rdynamic  
Using built-in specs.
COLLECT_GCC=/usr/bin/cc
COLLECT_LTO_WRAPPER=/usr/libexec/gcc/arm-angstrom-linux-gnueabi/4.7.3/lto-wrapper
Target: arm-angstrom-linux-gnueabi
Configured with: /build/v2012.12/build/tmp-angstrom_v2012_12-eglibc/work-shared/gcc-linaro-4.7-r9/gcc-linaro-4.7-2013.02-01/configure --build=x86_64-linux --host=arm-angstrom-linux-gnueabi --target=arm-angstrom-linux-gnueabi --prefix=/usr --exec_prefix=/usr --bindir=/usr/bin --sbindir=/usr/sbin --libexecdir=/usr/libexec --datadir=/usr/share --sysconfdir=/etc --sharedstatedir=/com --localstatedir=/var --libdir=/usr/lib --includedir=/usr/include --oldincludedir=/usr/include --infodir=/usr/share/info --mandir=/usr/share/man --disable-silent-rules --disable-dependency-tracking --with-libtool-sysroot=/build/v2012.12/build/tmp-angstrom_v2012_12-eglibc/sysroots/beaglebone --with-gnu-ld --enable-shared --enable-languages=c,c++ --enable-threads=posix --disable-multilib --enable-c99 --enable-long-long --enable-symvers=gnu --enable-libstdcxx-pch --program-prefix=arm-angstrom-linux-gnueabi- --without-local-prefix --enable-target-optspace --enable-lto --enable-libssp --disable-bootstrap --disable-libgomp --disable-libmudflap --with-system-zlib --with-linker-hash-style=gnu --with-ppl=no --with-cloog=no --enable-checking=release --enable-cheaders=c_global --with-sysroot=/ --with-build-sysroot=/build/v2012.12/build/tmp-angstrom_v2012_12-eglibc/sysroots/beaglebone --with-native-system-header-dir=/build/v2012.12/build/tmp-angstrom_v2012_12-eglibc/sysroots/beaglebone/usr/include --with-gxx-include-dir=/usr/include/c++/ --enable-nls
Thread model: posix
gcc version 4.7.3 20130205 (prerelease) (Linaro GCC 4.7-2013.02-01) 
COMPILER_PATH=/usr/libexec/gcc/arm-angstrom-linux-gnueabi/4.7.3/:/usr/libexec/gcc/arm-angstrom-linux-gnueabi/4.7.3/:/usr/libexec/gcc/arm-angstrom-linux-gnueabi/:/usr/lib/gcc/arm-angstrom-linux-gnueabi/4.7.3/:/usr/lib/gcc/arm-angstrom-linux-gnueabi/:/usr/lib/gcc/arm-angstrom-linux-gnueabi/4.7.3/../../../../arm-angstrom-linux-gnueabi/bin/
LIBRARY_PATH=/usr/lib/gcc/arm-angstrom-linux-gnueabi/4.7.3/:/usr/lib/gcc/arm-angstrom-linux-gnueabi/4.7.3/../../../arm-angstrom-linux-gnueabi/4.7.3/:/usr/lib/gcc/arm-angstrom-linux-gnueabi/4.7.3/../../../:/lib/:/usr/lib/arm-angstrom-linux-gnueabi/4.7.3/:/usr/lib/
COLLECT_GCC_OPTIONS='-v' '-o' 'cmTryCompileExec1211576677' '-rdynamic' '-mtls-dialect=gnu'
 /usr/libexec/gcc/arm-angstrom-linux-gnueabi/4.7.3/collect2 --sysroot=/ --eh-frame-hdr --hash-style=gnu -export-dynamic -dynamic-linker /lib/ld-linux.so.3 -X -m armelf_linux_eabi -o cmTryCompileExec1211576677 /usr/lib/gcc/arm-angstrom-linux-gnueabi/4.7.3/../../../crt1.o /usr/lib/gcc/arm-angstrom-linux-gnueabi/4.7.3/../../../crti.o /usr/lib/gcc/arm-angstrom-linux-gnueabi/4.7.3/../../../arm-angstrom-linux-gnueabi/4.7.3/crtbegin.o -L/usr/lib/gcc/arm-angstrom-linux-gnueabi/4.7.3 -L/usr/lib/gcc/arm-angstrom-linux-gnueabi/4.7.3/../../../arm-angstrom-linux-gnueabi/4.7.3 -L/usr/lib/gcc/arm-angstrom-linux-gnueabi/4.7.3/../../.. -L/usr/lib/arm-angstrom-linux-gnueabi/4.7.3 CMakeFiles/cmTryCompileExec1211576677.dir/CMakeCCompilerABI.c.o -lgcc --as-needed -lgcc_s --no-as-needed -lc -lgcc --as-needed -lgcc_s --no-as-needed /usr/lib/gcc/arm-angstrom-linux-gnueabi/4.7.3/../../../arm-angstrom-linux-gnueabi/4.7.3/crtend.o /usr/lib/gcc/arm-angstrom-linux-gnueabi/4.7.3/../../../crtn.o
make[1]: Leaving directory `/media/Storage_1/fin_build_v2.3/build/CMakeFiles/CMakeTmp'


Parsed C implicit link information from above output:
  link line regex: [^( *|.*[/\])(ld|([^/\]+-)?ld|collect2)[^/\]*( |$)]
  ignore line: [Change Dir: /media/Storage_1/fin_build_v2.3/build/CMakeFiles/CMakeTmp]
  ignore line: []
  ignore line: [Run Build Command:/usr/bin/make "cmTryCompileExec1211576677/fast"]
  ignore line: [/usr/bin/make -f CMakeFiles/cmTryCompileExec1211576677.dir/build.make CMakeFiles/cmTryCompileExec1211576677.dir/build]
  ignore line: [make[1]: Entering directory `/media/Storage_1/fin_build_v2.3/build/CMakeFiles/CMakeTmp']
  ignore line: [/usr/local/bin/cmake -E cmake_progress_report /media/Storage_1/fin_build_v2.3/build/CMakeFiles/CMakeTmp/CMakeFiles 1]
  ignore line: [Building C object CMakeFiles/cmTryCompileExec1211576677.dir/CMakeCCompilerABI.c.o]
  ignore line: [/usr/bin/cc    -o CMakeFiles/cmTryCompileExec1211576677.dir/CMakeCCompilerABI.c.o   -c /usr/local/share/cmake-2.8/Modules/CMakeCCompilerABI.c]
  ignore line: [Linking C executable cmTryCompileExec1211576677]
  ignore line: [/usr/local/bin/cmake -E cmake_link_script CMakeFiles/cmTryCompileExec1211576677.dir/link.txt --verbose=1]
  ignore line: [/usr/bin/cc     -v CMakeFiles/cmTryCompileExec1211576677.dir/CMakeCCompilerABI.c.o  -o cmTryCompileExec1211576677 -rdynamic  ]
  ignore line: [Using built-in specs.]
  ignore line: [COLLECT_GCC=/usr/bin/cc]
  ignore line: [COLLECT_LTO_WRAPPER=/usr/libexec/gcc/arm-angstrom-linux-gnueabi/4.7.3/lto-wrapper]
  ignore line: [Target: arm-angstrom-linux-gnueabi]
  ignore line: [Configured with: /build/v2012.12/build/tmp-angstrom_v2012_12-eglibc/work-shared/gcc-linaro-4.7-r9/gcc-linaro-4.7-2013.02-01/configure --build=x86_64-linux --host=arm-angstrom-linux-gnueabi --target=arm-angstrom-linux-gnueabi --prefix=/usr --exec_prefix=/usr --bindir=/usr/bin --sbindir=/usr/sbin --libexecdir=/usr/libexec --datadir=/usr/share --sysconfdir=/etc --sharedstatedir=/com --localstatedir=/var --libdir=/usr/lib --includedir=/usr/include --oldincludedir=/usr/include --infodir=/usr/share/info --mandir=/usr/share/man --disable-silent-rules --disable-dependency-tracking --with-libtool-sysroot=/build/v2012.12/build/tmp-angstrom_v2012_12-eglibc/sysroots/beaglebone --with-gnu-ld --enable-shared --enable-languages=c,c++ --enable-threads=posix --disable-multilib --enable-c99 --enable-long-long --enable-symvers=gnu --enable-libstdcxx-pch --program-prefix=arm-angstrom-linux-gnueabi- --without-local-prefix --enable-target-optspace --enable-lto --enable-libssp --disable-bootstrap --disable-libgomp --disable-libmudflap --with-system-zlib --with-linker-hash-style=gnu --with-ppl=no --with-cloog=no --enable-checking=release --enable-cheaders=c_global --with-sysroot=/ --with-build-sysroot=/build/v2012.12/build/tmp-angstrom_v2012_12-eglibc/sysroots/beaglebone --with-native-system-header-dir=/build/v2012.12/build/tmp-angstrom_v2012_12-eglibc/sysroots/beaglebone/usr/include --with-gxx-include-dir=/usr/include/c++/ --enable-nls]
  ignore line: [Thread model: posix]
  ignore line: [gcc version 4.7.3 20130205 (prerelease) (Linaro GCC 4.7-2013.02-01) ]
  ignore line: [COMPILER_PATH=/usr/libexec/gcc/arm-angstrom-linux-gnueabi/4.7.3/:/usr/libexec/gcc/arm-angstrom-linux-gnueabi/4.7.3/:/usr/libexec/gcc/arm-angstrom-linux-gnueabi/:/usr/lib/gcc/arm-angstrom-linux-gnueabi/4.7.3/:/usr/lib/gcc/arm-angstrom-linux-gnueabi/:/usr/lib/gcc/arm-angstrom-linux-gnueabi/4.7.3/../../../../arm-angstrom-linux-gnueabi/bin/]
  ignore line: [LIBRARY_PATH=/usr/lib/gcc/arm-angstrom-linux-gnueabi/4.7.3/:/usr/lib/gcc/arm-angstrom-linux-gnueabi/4.7.3/../../../arm-angstrom-linux-gnueabi/4.7.3/:/usr/lib/gcc/arm-angstrom-linux-gnueabi/4.7.3/../../../:/lib/:/usr/lib/arm-angstrom-linux-gnueabi/4.7.3/:/usr/lib/]
  ignore line: [COLLECT_GCC_OPTIONS='-v' '-o' 'cmTryCompileExec1211576677' '-rdynamic' '-mtls-dialect=gnu']
  link line: [ /usr/libexec/gcc/arm-angstrom-linux-gnueabi/4.7.3/collect2 --sysroot=/ --eh-frame-hdr --hash-style=gnu -export-dynamic -dynamic-linker /lib/ld-linux.so.3 -X -m armelf_linux_eabi -o cmTryCompileExec1211576677 /usr/lib/gcc/arm-angstrom-linux-gnueabi/4.7.3/../../../crt1.o /usr/lib/gcc/arm-angstrom-linux-gnueabi/4.7.3/../../../crti.o /usr/lib/gcc/arm-angstrom-linux-gnueabi/4.7.3/../../../arm-angstrom-linux-gnueabi/4.7.3/crtbegin.o -L/usr/lib/gcc/arm-angstrom-linux-gnueabi/4.7.3 -L/usr/lib/gcc/arm-angstrom-linux-gnueabi/4.7.3/../../../arm-angstrom-linux-gnueabi/4.7.3 -L/usr/lib/gcc/arm-angstrom-linux-gnueabi/4.7.3/../../.. -L/usr/lib/arm-angstrom-linux-gnueabi/4.7.3 CMakeFiles/cmTryCompileExec1211576677.dir/CMakeCCompilerABI.c.o -lgcc --as-needed -lgcc_s --no-as-needed -lc -lgcc --as-needed -lgcc_s --no-as-needed /usr/lib/gcc/arm-angstrom-linux-gnueabi/4.7.3/../../../arm-angstrom-linux-gnueabi/4.7.3/crtend.o /usr/lib/gcc/arm-angstrom-linux-gnueabi/4.7.3/../../../crtn.o]
    arg [/usr/libexec/gcc/arm-angstrom-linux-gnueabi/4.7.3/collect2] ==> ignore
    arg [--sysroot=/] ==> ignore
    arg [--eh-frame-hdr] ==> ignore
    arg [--hash-style=gnu] ==> ignore
    arg [-export-dynamic] ==> ignore
    arg [-dynamic-linker] ==> ignore
    arg [/lib/ld-linux.so.3] ==> ignore
    arg [-X] ==> ignore
    arg [-m] ==> ignore
    arg [armelf_linux_eabi] ==> ignore
    arg [-o] ==> ignore
    arg [cmTryCompileExec1211576677] ==> ignore
    arg [/usr/lib/gcc/arm-angstrom-linux-gnueabi/4.7.3/../../../crt1.o] ==> ignore
    arg [/usr/lib/gcc/arm-angstrom-linux-gnueabi/4.7.3/../../../crti.o] ==> ignore
    arg [/usr/lib/gcc/arm-angstrom-linux-gnueabi/4.7.3/../../../arm-angstrom-linux-gnueabi/4.7.3/crtbegin.o] ==> ignore
    arg [-L/usr/lib/gcc/arm-angstrom-linux-gnueabi/4.7.3] ==> dir [/usr/lib/gcc/arm-angstrom-linux-gnueabi/4.7.3]
    arg [-L/usr/lib/gcc/arm-angstrom-linux-gnueabi/4.7.3/../../../arm-angstrom-linux-gnueabi/4.7.3] ==> dir [/usr/lib/gcc/arm-angstrom-linux-gnueabi/4.7.3/../../../arm-angstrom-linux-gnueabi/4.7.3]
    arg [-L/usr/lib/gcc/arm-angstrom-linux-gnueabi/4.7.3/../../..] ==> dir [/usr/lib/gcc/arm-angstrom-linux-gnueabi/4.7.3/../../..]
    arg [-L/usr/lib/arm-angstrom-linux-gnueabi/4.7.3] ==> dir [/usr/lib/arm-angstrom-linux-gnueabi/4.7.3]
    arg [CMakeFiles/cmTryCompileExec1211576677.dir/CMakeCCompilerABI.c.o] ==> ignore
    arg [-lgcc] ==> lib [gcc]
    arg [--as-needed] ==> ignore
    arg [-lgcc_s] ==> lib [gcc_s]
    arg [--no-as-needed] ==> ignore
    arg [-lc] ==> lib [c]
    arg [-lgcc] ==> lib [gcc]
    arg [--as-needed] ==> ignore
    arg [-lgcc_s] ==> lib [gcc_s]
    arg [--no-as-needed] ==> ignore
    arg [/usr/lib/gcc/arm-angstrom-linux-gnueabi/4.7.3/../../../arm-angstrom-linux-gnueabi/4.7.3/crtend.o] ==> ignore
    arg [/usr/lib/gcc/arm-angstrom-linux-gnueabi/4.7.3/../../../crtn.o] ==> ignore
  remove lib [gcc]
  remove lib [gcc_s]
  remove lib [gcc]
  remove lib [gcc_s]
  collapse library dir [/usr/lib/gcc/arm-angstrom-linux-gnueabi/4.7.3] ==> [/usr/lib/gcc/arm-angstrom-linux-gnueabi/4.7.3]
  collapse library dir [/usr/lib/gcc/arm-angstrom-linux-gnueabi/4.7.3/../../../arm-angstrom-linux-gnueabi/4.7.3] ==> [/usr/lib/arm-angstrom-linux-gnueabi/4.7.3]
  collapse library dir [/usr/lib/gcc/arm-angstrom-linux-gnueabi/4.7.3/../../..] ==> [/usr/lib]
  collapse library dir [/usr/lib/arm-angstrom-linux-gnueabi/4.7.3] ==> [/usr/lib/arm-angstrom-linux-gnueabi/4.7.3]
  implicit libs: [c]
  implicit dirs: [/usr/lib/gcc/arm-angstrom-linux-gnueabi/4.7.3;/usr/lib/arm-angstrom-linux-gnueabi/4.7.3;/usr/lib]
  implicit fwks: []


Determining if the CXX compiler works passed with the following output:
Change Dir: /media/Storage_1/fin_build_v2.3/build/CMakeFiles/CMakeTmp

Run Build Command:/usr/bin/make "cmTryCompileExec3481595834/fast"
/usr/bin/make -f CMakeFiles/cmTryCompileExec3481595834.dir/build.make CMakeFiles/cmTryCompileExec3481595834.dir/build
make[1]: Entering directory `/media/Storage_1/fin_build_v2.3/build/CMakeFiles/CMakeTmp'
/usr/local/bin/cmake -E cmake_progress_report /media/Storage_1/fin_build_v2.3/build/CMakeFiles/CMakeTmp/CMakeFiles 1
Building CXX object CMakeFiles/cmTryCompileExec3481595834.dir/testCXXCompiler.cxx.o
/usr/bin/c++     -o CMakeFiles/cmTryCompileExec3481595834.dir/testCXXCompiler.cxx.o -c /media/Storage_1/fin_build_v2.3/build/CMakeFiles/CMakeTmp/testCXXCompiler.cxx
Linking CXX executable cmTryCompileExec3481595834
/usr/local/bin/cmake -E cmake_link_script CMakeFiles/cmTryCompileExec3481595834.dir/link.txt --verbose=1
/usr/bin/c++        CMakeFiles/cmTryCompileExec3481595834.dir/testCXXCompiler.cxx.o  -o cmTryCompileExec3481595834 -rdynamic 
make[1]: Leaving directory `/media/Storage_1/fin_build_v2.3/build/CMakeFiles/CMakeTmp'


Detecting CXX compiler ABI info compiled with the following output:
Change Dir: /media/Storage_1/fin_build_v2.3/build/CMakeFiles/CMakeTmp

Run Build Command:/usr/bin/make "cmTryCompileExec4231941080/fast"
/usr/bin/make -f CMakeFiles/cmTryCompileExec4231941080.dir/build.make CMakeFiles/cmTryCompileExec4231941080.dir/build
make[1]: Entering directory `/media/Storage_1/fin_build_v2.3/build/CMakeFiles/CMakeTmp'
/usr/local/bin/cmake -E cmake_progress_report /media/Storage_1/fin_build_v2.3/build/CMakeFiles/CMakeTmp/CMakeFiles 1
Building CXX object CMakeFiles/cmTryCompileExec4231941080.dir/CMakeCXXCompilerABI.cpp.o
/usr/bin/c++     -o CMakeFiles/cmTryCompileExec4231941080.dir/CMakeCXXCompilerABI.cpp.o -c /usr/local/share/cmake-2.8/Modules/CMakeCXXCompilerABI.cpp
Linking CXX executable cmTryCompileExec4231941080
/usr/local/bin/cmake -E cmake_link_script CMakeFiles/cmTryCompileExec4231941080.dir/link.txt --verbose=1
/usr/bin/c++      -v CMakeFiles/cmTryCompileExec4231941080.dir/CMakeCXXCompilerABI.cpp.o  -o cmTryCompileExec4231941080 -rdynamic  
Using built-in specs.
COLLECT_GCC=/usr/bin/c++
COLLECT_LTO_WRAPPER=/usr/libexec/gcc/arm-angstrom-linux-gnueabi/4.7.3/lto-wrapper
Target: arm-angstrom-linux-gnueabi
Configured with: /build/v2012.12/build/tmp-angstrom_v2012_12-eglibc/work-shared/gcc-linaro-4.7-r9/gcc-linaro-4.7-2013.02-01/configure --build=x86_64-linux --host=arm-angstrom-linux-gnueabi --target=arm-angstrom-linux-gnueabi --prefix=/usr --exec_prefix=/usr --bindir=/usr/bin --sbindir=/usr/sbin --libexecdir=/usr/libexec --datadir=/usr/share --sysconfdir=/etc --sharedstatedir=/com --localstatedir=/var --libdir=/usr/lib --includedir=/usr/include --oldincludedir=/usr/include --infodir=/usr/share/info --mandir=/usr/share/man --disable-silent-rules --disable-dependency-tracking --with-libtool-sysroot=/build/v2012.12/build/tmp-angstrom_v2012_12-eglibc/sysroots/beaglebone --with-gnu-ld --enable-shared --enable-languages=c,c++ --enable-threads=posix --disable-multilib --enable-c99 --enable-long-long --enable-symvers=gnu --enable-libstdcxx-pch --program-prefix=arm-angstrom-linux-gnueabi- --without-local-prefix --enable-target-optspace --enable-lto --enable-libssp --disable-bootstrap --disable-libgomp --disable-libmudflap --with-system-zlib --with-linker-hash-style=gnu --with-ppl=no --with-cloog=no --enable-checking=release --enable-cheaders=c_global --with-sysroot=/ --with-build-sysroot=/build/v2012.12/build/tmp-angstrom_v2012_12-eglibc/sysroots/beaglebone --with-native-system-header-dir=/build/v2012.12/build/tmp-angstrom_v2012_12-eglibc/sysroots/beaglebone/usr/include --with-gxx-include-dir=/usr/include/c++/ --enable-nls
Thread model: posix
gcc version 4.7.3 20130205 (prerelease) (Linaro GCC 4.7-2013.02-01) 
COMPILER_PATH=/usr/libexec/gcc/arm-angstrom-linux-gnueabi/4.7.3/:/usr/libexec/gcc/arm-angstrom-linux-gnueabi/4.7.3/:/usr/libexec/gcc/arm-angstrom-linux-gnueabi/:/usr/lib/gcc/arm-angstrom-linux-gnueabi/4.7.3/:/usr/lib/gcc/arm-angstrom-linux-gnueabi/:/usr/lib/gcc/arm-angstrom-linux-gnueabi/4.7.3/../../../../arm-angstrom-linux-gnueabi/bin/
LIBRARY_PATH=/usr/lib/gcc/arm-angstrom-linux-gnueabi/4.7.3/:/usr/lib/gcc/arm-angstrom-linux-gnueabi/4.7.3/../../../arm-angstrom-linux-gnueabi/4.7.3/:/usr/lib/gcc/arm-angstrom-linux-gnueabi/4.7.3/../../../:/lib/:/usr/lib/arm-angstrom-linux-gnueabi/4.7.3/:/usr/lib/
COLLECT_GCC_OPTIONS='-v' '-o' 'cmTryCompileExec4231941080' '-rdynamic' '-shared-libgcc' '-mtls-dialect=gnu'
 /usr/libexec/gcc/arm-angstrom-linux-gnueabi/4.7.3/collect2 --sysroot=/ --eh-frame-hdr --hash-style=gnu -export-dynamic -dynamic-linker /lib/ld-linux.so.3 -X -m armelf_linux_eabi -o cmTryCompileExec4231941080 /usr/lib/gcc/arm-angstrom-linux-gnueabi/4.7.3/../../../crt1.o /usr/lib/gcc/arm-angstrom-linux-gnueabi/4.7.3/../../../crti.o /usr/lib/gcc/arm-angstrom-linux-gnueabi/4.7.3/../../../arm-angstrom-linux-gnueabi/4.7.3/crtbegin.o -L/usr/lib/gcc/arm-angstrom-linux-gnueabi/4.7.3 -L/usr/lib/gcc/arm-angstrom-linux-gnueabi/4.7.3/../../../arm-angstrom-linux-gnueabi/4.7.3 -L/usr/lib/gcc/arm-angstrom-linux-gnueabi/4.7.3/../../.. -L/usr/lib/arm-angstrom-linux-gnueabi/4.7.3 CMakeFiles/cmTryCompileExec4231941080.dir/CMakeCXXCompilerABI.cpp.o -lstdc++ -lm -lgcc_s -lgcc -lc -lgcc_s -lgcc /usr/lib/gcc/arm-angstrom-linux-gnueabi/4.7.3/../../../arm-angstrom-linux-gnueabi/4.7.3/crtend.o /usr/lib/gcc/arm-angstrom-linux-gnueabi/4.7.3/../../../crtn.o
make[1]: Leaving directory `/media/Storage_1/fin_build_v2.3/build/CMakeFiles/CMakeTmp'


Parsed CXX implicit link information from above output:
  link line regex: [^( *|.*[/\])(ld|([^/\]+-)?ld|collect2)[^/\]*( |$)]
  ignore line: [Change Dir: /media/Storage_1/fin_build_v2.3/build/CMakeFiles/CMakeTmp]
  ignore line: []
  ignore line: [Run Build Command:/usr/bin/make "cmTryCompileExec4231941080/fast"]
  ignore line: [/usr/bin/make -f CMakeFiles/cmTryCompileExec4231941080.dir/build.make CMakeFiles/cmTryCompileExec4231941080.dir/build]
  ignore line: [make[1]: Entering directory `/media/Storage_1/fin_build_v2.3/build/CMakeFiles/CMakeTmp']
  ignore line: [/usr/local/bin/cmake -E cmake_progress_report /media/Storage_1/fin_build_v2.3/build/CMakeFiles/CMakeTmp/CMakeFiles 1]
  ignore line: [Building CXX object CMakeFiles/cmTryCompileExec4231941080.dir/CMakeCXXCompilerABI.cpp.o]
  ignore line: [/usr/bin/c++     -o CMakeFiles/cmTryCompileExec4231941080.dir/CMakeCXXCompilerABI.cpp.o -c /usr/local/share/cmake-2.8/Modules/CMakeCXXCompilerABI.cpp]
  ignore line: [Linking CXX executable cmTryCompileExec4231941080]
  ignore line: [/usr/local/bin/cmake -E cmake_link_script CMakeFiles/cmTryCompileExec4231941080.dir/link.txt --verbose=1]
  ignore line: [/usr/bin/c++      -v CMakeFiles/cmTryCompileExec4231941080.dir/CMakeCXXCompilerABI.cpp.o  -o cmTryCompileExec4231941080 -rdynamic  ]
  ignore line: [Using built-in specs.]
  ignore line: [COLLECT_GCC=/usr/bin/c++]
  ignore line: [COLLECT_LTO_WRAPPER=/usr/libexec/gcc/arm-angstrom-linux-gnueabi/4.7.3/lto-wrapper]
  ignore line: [Target: arm-angstrom-linux-gnueabi]
  ignore line: [Configured with: /build/v2012.12/build/tmp-angstrom_v2012_12-eglibc/work-shared/gcc-linaro-4.7-r9/gcc-linaro-4.7-2013.02-01/configure --build=x86_64-linux --host=arm-angstrom-linux-gnueabi --target=arm-angstrom-linux-gnueabi --prefix=/usr --exec_prefix=/usr --bindir=/usr/bin --sbindir=/usr/sbin --libexecdir=/usr/libexec --datadir=/usr/share --sysconfdir=/etc --sharedstatedir=/com --localstatedir=/var --libdir=/usr/lib --includedir=/usr/include --oldincludedir=/usr/include --infodir=/usr/share/info --mandir=/usr/share/man --disable-silent-rules --disable-dependency-tracking --with-libtool-sysroot=/build/v2012.12/build/tmp-angstrom_v2012_12-eglibc/sysroots/beaglebone --with-gnu-ld --enable-shared --enable-languages=c,c++ --enable-threads=posix --disable-multilib --enable-c99 --enable-long-long --enable-symvers=gnu --enable-libstdcxx-pch --program-prefix=arm-angstrom-linux-gnueabi- --without-local-prefix --enable-target-optspace --enable-lto --enable-libssp --disable-bootstrap --disable-libgomp --disable-libmudflap --with-system-zlib --with-linker-hash-style=gnu --with-ppl=no --with-cloog=no --enable-checking=release --enable-cheaders=c_global --with-sysroot=/ --with-build-sysroot=/build/v2012.12/build/tmp-angstrom_v2012_12-eglibc/sysroots/beaglebone --with-native-system-header-dir=/build/v2012.12/build/tmp-angstrom_v2012_12-eglibc/sysroots/beaglebone/usr/include --with-gxx-include-dir=/usr/include/c++/ --enable-nls]
  ignore line: [Thread model: posix]
  ignore line: [gcc version 4.7.3 20130205 (prerelease) (Linaro GCC 4.7-2013.02-01) ]
  ignore line: [COMPILER_PATH=/usr/libexec/gcc/arm-angstrom-linux-gnueabi/4.7.3/:/usr/libexec/gcc/arm-angstrom-linux-gnueabi/4.7.3/:/usr/libexec/gcc/arm-angstrom-linux-gnueabi/:/usr/lib/gcc/arm-angstrom-linux-gnueabi/4.7.3/:/usr/lib/gcc/arm-angstrom-linux-gnueabi/:/usr/lib/gcc/arm-angstrom-linux-gnueabi/4.7.3/../../../../arm-angstrom-linux-gnueabi/bin/]
  ignore line: [LIBRARY_PATH=/usr/lib/gcc/arm-angstrom-linux-gnueabi/4.7.3/:/usr/lib/gcc/arm-angstrom-linux-gnueabi/4.7.3/../../../arm-angstrom-linux-gnueabi/4.7.3/:/usr/lib/gcc/arm-angstrom-linux-gnueabi/4.7.3/../../../:/lib/:/usr/lib/arm-angstrom-linux-gnueabi/4.7.3/:/usr/lib/]
  ignore line: [COLLECT_GCC_OPTIONS='-v' '-o' 'cmTryCompileExec4231941080' '-rdynamic' '-shared-libgcc' '-mtls-dialect=gnu']
  link line: [ /usr/libexec/gcc/arm-angstrom-linux-gnueabi/4.7.3/collect2 --sysroot=/ --eh-frame-hdr --hash-style=gnu -export-dynamic -dynamic-linker /lib/ld-linux.so.3 -X -m armelf_linux_eabi -o cmTryCompileExec4231941080 /usr/lib/gcc/arm-angstrom-linux-gnueabi/4.7.3/../../../crt1.o /usr/lib/gcc/arm-angstrom-linux-gnueabi/4.7.3/../../../crti.o /usr/lib/gcc/arm-angstrom-linux-gnueabi/4.7.3/../../../arm-angstrom-linux-gnueabi/4.7.3/crtbegin.o -L/usr/lib/gcc/arm-angstrom-linux-gnueabi/4.7.3 -L/usr/lib/gcc/arm-angstrom-linux-gnueabi/4.7.3/../../../arm-angstrom-linux-gnueabi/4.7.3 -L/usr/lib/gcc/arm-angstrom-linux-gnueabi/4.7.3/../../.. -L/usr/lib/arm-angstrom-linux-gnueabi/4.7.3 CMakeFiles/cmTryCompileExec4231941080.dir/CMakeCXXCompilerABI.cpp.o -lstdc++ -lm -lgcc_s -lgcc -lc -lgcc_s -lgcc /usr/lib/gcc/arm-angstrom-linux-gnueabi/4.7.3/../../../arm-angstrom-linux-gnueabi/4.7.3/crtend.o /usr/lib/gcc/arm-angstrom-linux-gnueabi/4.7.3/../../../crtn.o]
    arg [/usr/libexec/gcc/arm-angstrom-linux-gnueabi/4.7.3/collect2] ==> ignore
    arg [--sysroot=/] ==> ignore
    arg [--eh-frame-hdr] ==> ignore
    arg [--hash-style=gnu] ==> ignore
    arg [-export-dynamic] ==> ignore
    arg [-dynamic-linker] ==> ignore
    arg [/lib/ld-linux.so.3] ==> ignore
    arg [-X] ==> ignore
    arg [-m] ==> ignore
    arg [armelf_linux_eabi] ==> ignore
    arg [-o] ==> ignore
    arg [cmTryCompileExec4231941080] ==> ignore
    arg [/usr/lib/gcc/arm-angstrom-linux-gnueabi/4.7.3/../../../crt1.o] ==> ignore
    arg [/usr/lib/gcc/arm-angstrom-linux-gnueabi/4.7.3/../../../crti.o] ==> ignore
    arg [/usr/lib/gcc/arm-angstrom-linux-gnueabi/4.7.3/../../../arm-angstrom-linux-gnueabi/4.7.3/crtbegin.o] ==> ignore
    arg [-L/usr/lib/gcc/arm-angstrom-linux-gnueabi/4.7.3] ==> dir [/usr/lib/gcc/arm-angstrom-linux-gnueabi/4.7.3]
    arg [-L/usr/lib/gcc/arm-angstrom-linux-gnueabi/4.7.3/../../../arm-angstrom-linux-gnueabi/4.7.3] ==> dir [/usr/lib/gcc/arm-angstrom-linux-gnueabi/4.7.3/../../../arm-angstrom-linux-gnueabi/4.7.3]
    arg [-L/usr/lib/gcc/arm-angstrom-linux-gnueabi/4.7.3/../../..] ==> dir [/usr/lib/gcc/arm-angstrom-linux-gnueabi/4.7.3/../../..]
    arg [-L/usr/lib/arm-angstrom-linux-gnueabi/4.7.3] ==> dir [/usr/lib/arm-angstrom-linux-gnueabi/4.7.3]
    arg [CMakeFiles/cmTryCompileExec4231941080.dir/CMakeCXXCompilerABI.cpp.o] ==> ignore
    arg [-lstdc++] ==> lib [stdc++]
    arg [-lm] ==> lib [m]
    arg [-lgcc_s] ==> lib [gcc_s]
    arg [-lgcc] ==> lib [gcc]
    arg [-lc] ==> lib [c]
    arg [-lgcc_s] ==> lib [gcc_s]
    arg [-lgcc] ==> lib [gcc]
    arg [/usr/lib/gcc/arm-angstrom-linux-gnueabi/4.7.3/../../../arm-angstrom-linux-gnueabi/4.7.3/crtend.o] ==> ignore
    arg [/usr/lib/gcc/arm-angstrom-linux-gnueabi/4.7.3/../../../crtn.o] ==> ignore
  remove lib [gcc_s]
  remove lib [gcc]
  remove lib [gcc_s]
  remove lib [gcc]
  collapse library dir [/usr/lib/gcc/arm-angstrom-linux-gnueabi/4.7.3] ==> [/usr/lib/gcc/arm-angstrom-linux-gnueabi/4.7.3]
  collapse library dir [/usr/lib/gcc/arm-angstrom-linux-gnueabi/4.7.3/../../../arm-angstrom-linux-gnueabi/4.7.3] ==> [/usr/lib/arm-angstrom-linux-gnueabi/4.7.3]
  collapse library dir [/usr/lib/gcc/arm-angstrom-linux-gnueabi/4.7.3/../../..] ==> [/usr/lib]
  collapse library dir [/usr/lib/arm-angstrom-linux-gnueabi/4.7.3] ==> [/usr/lib/arm-angstrom-linux-gnueabi/4.7.3]
  implicit libs: [stdc++;m;c]
  implicit dirs: [/usr/lib/gcc/arm-angstrom-linux-gnueabi/4.7.3;/usr/lib/arm-angstrom-linux-gnueabi/4.7.3;/usr/lib]
  implicit fwks: []


